{"meta": {"format": 3, "version": "7.14.1", "timestamp": "2026-06-04T14:30:27.538479", "branch_coverage": false, "show_contexts": false}, "files": {"data_quality\\audit_logger.py": {"executed_lines": [], "summary": {"covered_lines": 0, "num_statements": 47, "percent_covered": 0.0, "percent_covered_display": "0", "missing_lines": 47, "excluded_lines": 0, "percent_statements_covered": 0.0, "percent_statements_covered_display": "0"}, "missing_lines": [9, 10, 11, 12, 13, 14, 16, 17, 19, 21, 22, 25, 26, 27, 28, 29, 30, 32, 33, 34, 35, 36, 37, 39, 40, 41, 43, 44, 45, 55, 56, 58, 59, 60, 61, 62, 64, 76, 92, 100, 113, 123, 138, 147, 148, 161, 169], "excluded_lines": [], "functions": {"AuditLogger.__init__": {"executed_lines": [], "summary": {"covered_lines": 0, "num_statements": 4, "percent_covered": 0.0, "percent_covered_display": "0", "missing_lines": 4, "excluded_lines": 0, "percent_statements_covered": 0.0, "percent_statements_covered_display": "0"}, "missing_lines": [27, 28, 29, 30], "excluded_lines": [], "start_line": 26}, "AuditLogger._ensure_stream": {"executed_lines": [], "summary": {"covered_lines": 0, "num_statements": 5, "percent_covered": 0.0, "percent_covered_display": "0", "missing_lines": 5, "excluded_lines": 0, "percent_statements_covered": 0.0, "percent_statements_covered_display": "0"}, "missing_lines": [33, 34, 35, 36, 37], "excluded_lines": [], "start_line": 32}, "AuditLogger._fingerprint": {"executed_lines": [], "summary": {"covered_lines": 0, "num_statements": 2, "percent_covered": 0.0, "percent_covered_display": "0", "missing_lines": 2, "excluded_lines": 0, "percent_statements_covered": 0.0, "percent_statements_covered_display": "0"}, "missing_lines": [40, 41], "excluded_lines": [], "start_line": 39}, "AuditLogger._emit": {"executed_lines": [], "summary": {"covered_lines": 0, "num_statements": 9, "percent_covered": 0.0, "percent_covered_display": "0", "missing_lines": 9, "excluded_lines": 0, "percent_statements_covered": 0.0, "percent_statements_covered_display": "0"}, "missing_lines": [44, 45, 55, 56, 58, 59, 60, 61, 62], "excluded_lines": [], "start_line": 43}, "AuditLogger.log_etl_run": {"executed_lines": [], "summary": {"covered_lines": 0, "num_statements": 1, "percent_covered": 0.0, "percent_covered_display": "0", "missing_lines": 1, "excluded_lines": 0, "percent_statements_covered": 0.0, "percent_statements_covered_display": "0"}, "missing_lines": [76], "excluded_lines": [], "start_line": 64}, "AuditLogger.log_fraud_alert": {"executed_lines": [], "summary": {"covered_lines": 0, "num_statements": 1, "percent_covered": 0.0, "percent_covered_display": "0", "missing_lines": 1, "excluded_lines": 0, "percent_statements_covered": 0.0, "percent_statements_covered_display": "0"}, "missing_lines": [100], "excluded_lines": [], "start_line": 92}, "AuditLogger.log_data_quality_result": {"executed_lines": [], "summary": {"covered_lines": 0, "num_statements": 1, "percent_covered": 0.0, "percent_covered_display": "0", "missing_lines": 1, "excluded_lines": 0, "percent_statements_covered": 0.0, "percent_statements_covered_display": "0"}, "missing_lines": [123], "excluded_lines": [], "start_line": 113}, "AuditLogger.log_schema_change": {"executed_lines": [], "summary": {"covered_lines": 0, "num_statements": 2, "percent_covered": 0.0, "percent_covered_display": "0", "missing_lines": 2, "excluded_lines": 0, "percent_statements_covered": 0.0, "percent_statements_covered_display": "0"}, "missing_lines": [147, 148], "excluded_lines": [], "start_line": 138}, "AuditLogger.log_access": {"executed_lines": [], "summary": {"covered_lines": 0, "num_statements": 1, "percent_covered": 0.0, "percent_covered_display": "0", "missing_lines": 1, "excluded_lines": 0, "percent_statements_covered": 0.0, "percent_statements_covered_display": "0"}, "missing_lines": [169], "excluded_lines": [], "start_line": 161}, "": {"executed_lines": [], "summary": {"covered_lines": 0, "num_statements": 21, "percent_covered": 0.0, "percent_covered_display": "0", "missing_lines": 21, "excluded_lines": 0, "percent_statements_covered": 0.0, "percent_statements_covered_display": "0"}, "missing_lines": [9, 10, 11, 12, 13, 14, 16, 17, 19, 21, 22, 25, 26, 32, 39, 43, 64, 92, 113, 138, 161], "excluded_lines": [], "start_line": 1}}, "classes": {"AuditLogger": {"executed_lines": [], "summary": {"covered_lines": 0, "num_statements": 26, "percent_covered": 0.0, "percent_covered_display": "0", "missing_lines": 26, "excluded_lines": 0, "percent_statements_covered": 0.0, "percent_statements_covered_display": "0"}, "missing_lines": [27, 28, 29, 30, 33, 34, 35, 36, 37, 40, 41, 44, 45, 55, 56, 58, 59, 60, 61, 62, 76, 100, 123, 147, 148, 169], "excluded_lines": [], "start_line": 25}, "": {"executed_lines": [], "summary": {"covered_lines": 0, "num_statements": 21, "percent_covered": 0.0, "percent_covered_display": "0", "missing_lines": 21, "excluded_lines": 0, "percent_statements_covered": 0.0, "percent_statements_covered_display": "0"}, "missing_lines": [9, 10, 11, 12, 13, 14, 16, 17, 19, 21, 22, 25, 26, 32, 39, 43, 64, 92, 113, 138, 161], "excluded_lines": [], "start_line": 1}}}, "data_quality\\data_lineage.py": {"executed_lines": [], "summary": {"covered_lines": 0, "num_statements": 57, "percent_covered": 0.0, "percent_covered_display": "0", "missing_lines": 57, "excluded_lines": 0, "percent_statements_covered": 0.0, "percent_statements_covered_display": "0"}, "missing_lines": [9, 10, 11, 12, 13, 14, 16, 17, 19, 21, 24, 25, 26, 27, 28, 29, 30, 33, 34, 35, 36, 38, 53, 54, 65, 66, 67, 68, 69, 70, 72, 73, 74, 75, 76, 77, 78, 79, 80, 81, 82, 83, 85, 87, 88, 92, 93, 94, 95, 101, 102, 112, 113, 126, 127, 142, 143], "excluded_lines": [], "functions": {"LineageTracker.__init__": {"executed_lines": [], "summary": {"covered_lines": 0, "num_statements": 2, "percent_covered": 0.0, "percent_covered_display": "0", "missing_lines": 2, "excluded_lines": 0, "percent_statements_covered": 0.0, "percent_statements_covered_display": "0"}, "missing_lines": [35, 36], "excluded_lines": [], "start_line": 34}, "LineageTracker.record_run": {"executed_lines": [], "summary": {"covered_lines": 0, "num_statements": 8, "percent_covered": 0.0, "percent_covered_display": "0", "missing_lines": 8, "excluded_lines": 0, "percent_statements_covered": 0.0, "percent_statements_covered_display": "0"}, "missing_lines": [53, 54, 65, 66, 67, 68, 69, 70], "excluded_lines": [], "start_line": 38}, "LineageTracker.get_lineage": {"executed_lines": [], "summary": {"covered_lines": 0, "num_statements": 11, "percent_covered": 0.0, "percent_covered_display": "0", "missing_lines": 11, "excluded_lines": 0, "percent_statements_covered": 0.0, "percent_statements_covered_display": "0"}, "missing_lines": [73, 74, 75, 76, 77, 78, 79, 80, 81, 82, 83], "excluded_lines": [], "start_line": 72}, "LineageTracker.get_upstream": {"executed_lines": [], "summary": {"covered_lines": 0, "num_statements": 6, "percent_covered": 0.0, "percent_covered_display": "0", "missing_lines": 6, "excluded_lines": 0, "percent_statements_covered": 0.0, "percent_statements_covered_display": "0"}, "missing_lines": [87, 88, 92, 93, 94, 95], "excluded_lines": [], "start_line": 85}, "record_ingest_lineage": {"executed_lines": [], "summary": {"covered_lines": 0, "num_statements": 1, "percent_covered": 0.0, "percent_covered_display": "0", "missing_lines": 1, "excluded_lines": 0, "percent_statements_covered": 0.0, "percent_statements_covered_display": "0"}, "missing_lines": [102], "excluded_lines": [], "start_line": 101}, "record_transform_lineage": {"executed_lines": [], "summary": {"covered_lines": 0, "num_statements": 1, "percent_covered": 0.0, "percent_covered_display": "0", "missing_lines": 1, "excluded_lines": 0, "percent_statements_covered": 0.0, "percent_statements_covered_display": "0"}, "missing_lines": [113], "excluded_lines": [], "start_line": 112}, "record_load_lineage": {"executed_lines": [], "summary": {"covered_lines": 0, "num_statements": 1, "percent_covered": 0.0, "percent_covered_display": "0", "missing_lines": 1, "excluded_lines": 0, "percent_statements_covered": 0.0, "percent_statements_covered_display": "0"}, "missing_lines": [127], "excluded_lines": [], "start_line": 126}, "record_fraud_lineage": {"executed_lines": [], "summary": {"covered_lines": 0, "num_statements": 1, "percent_covered": 0.0, "percent_covered_display": "0", "missing_lines": 1, "excluded_lines": 0, "percent_statements_covered": 0.0, "percent_statements_covered_display": "0"}, "missing_lines": [143], "excluded_lines": [], "start_line": 142}, "": {"executed_lines": [], "summary": {"covered_lines": 0, "num_statements": 26, "percent_covered": 0.0, "percent_covered_display": "0", "missing_lines": 26, "excluded_lines": 0, "percent_statements_covered": 0.0, "percent_statements_covered_display": "0"}, "missing_lines": [9, 10, 11, 12, 13, 14, 16, 17, 19, 21, 24, 25, 26, 27, 28, 29, 30, 33, 34, 38, 72, 85, 101, 112, 126, 142], "excluded_lines": [], "start_line": 1}}, "classes": {"AssetType": {"executed_lines": [], "summary": {"covered_lines": 0, "num_statements": 0, "percent_covered": 100.0, "percent_covered_display": "100", "missing_lines": 0, "excluded_lines": 0, "percent_statements_covered": 100.0, "percent_statements_covered_display": "100"}, "missing_lines": [], "excluded_lines": [], "start_line": 24}, "LineageTracker": {"executed_lines": [], "summary": {"covered_lines": 0, "num_statements": 27, "percent_covered": 0.0, "percent_covered_display": "0", "missing_lines": 27, "excluded_lines": 0, "percent_statements_covered": 0.0, "percent_statements_covered_display": "0"}, "missing_lines": [35, 36, 53, 54, 65, 66, 67, 68, 69, 70, 73, 74, 75, 76, 77, 78, 79, 80, 81, 82, 83, 87, 88, 92, 93, 94, 95], "excluded_lines": [], "start_line": 33}, "": {"executed_lines": [], "summary": {"covered_lines": 0, "num_statements": 30, "percent_covered": 0.0, "percent_covered_display": "0", "missing_lines": 30, "excluded_lines": 0, "percent_statements_covered": 0.0, "percent_statements_covered_display": "0"}, "missing_lines": [9, 10, 11, 12, 13, 14, 16, 17, 19, 21, 24, 25, 26, 27, 28, 29, 30, 33, 34, 38, 72, 85, 101, 102, 112, 113, 126, 127, 142, 143], "excluded_lines": [], "start_line": 1}}}, "data_quality\\validators.py": {"executed_lines": [11, 12, 13, 14, 16, 18, 19, 21, 29, 31, 32, 34, 39, 42, 43, 45, 46, 47, 49, 50, 52, 53, 55, 56, 57, 58, 59, 60, 61, 62, 64, 65, 66, 67, 68, 69, 70, 71, 72, 100, 101, 107, 108, 109, 111, 112, 113, 114, 116, 117, 122, 123, 125, 126, 127, 128, 129, 130, 131, 139, 140, 142, 143, 149, 155, 157, 165, 168, 170, 195, 219], "summary": {"covered_lines": 71, "num_statements": 135, "percent_covered": 52.592592592592595, "percent_covered_display": "53", "missing_lines": 64, "excluded_lines": 0, "percent_statements_covered": 52.592592592592595, "percent_statements_covered_display": "53"}, "missing_lines": [35, 36, 37, 40, 44, 51, 74, 75, 76, 77, 78, 79, 80, 82, 83, 84, 85, 86, 87, 88, 91, 92, 144, 145, 146, 147, 166, 171, 173, 174, 175, 189, 190, 191, 192, 197, 199, 201, 202, 203, 205, 206, 208, 209, 215, 216, 220, 222, 223, 224, 225, 226, 227, 229, 230, 232, 234, 235, 236, 238, 240, 241, 242, 243], "excluded_lines": [], "functions": {"_check": {"executed_lines": [31, 32, 34, 39, 42, 43, 45, 46, 47, 49, 50, 52, 53, 55, 56, 57, 58, 59, 60, 61, 62, 64, 65, 66, 67, 68, 69, 70, 71, 72], "summary": {"covered_lines": 30, "num_statements": 52, "percent_covered": 57.69230769230769, "percent_covered_display": "58", "missing_lines": 22, "excluded_lines": 0, "percent_statements_covered": 57.69230769230769, "percent_statements_covered_display": "58"}, "missing_lines": [35, 36, 37, 40, 44, 51, 74, 75, 76, 77, 78, 79, 80, 82, 83, 84, 85, 86, 87, 88, 91, 92], "excluded_lines": [], "start_line": 29}, "DataQualityValidator.__init__": {"executed_lines": [107, 108, 109], "summary": {"covered_lines": 3, "num_statements": 3, "percent_covered": 100.0, "percent_covered_display": "100", "missing_lines": 0, "excluded_lines": 0, "percent_statements_covered": 100.0, "percent_statements_covered_display": "100"}, "missing_lines": [], "excluded_lines": [], "start_line": 101}, "DataQualityValidator._load_expectations": {"executed_lines": [113, 114], "summary": {"covered_lines": 2, "num_statements": 2, "percent_covered": 100.0, "percent_covered_display": "100", "missing_lines": 0, "excluded_lines": 0, "percent_statements_covered": 100.0, "percent_statements_covered_display": "100"}, "missing_lines": [], "excluded_lines": [], "start_line": 112}, "DataQualityValidator.validate": {"executed_lines": [117, 122, 123, 125, 126, 127, 128, 129, 130, 131, 139, 140, 142, 143, 149, 155, 157, 165, 168], "summary": {"covered_lines": 19, "num_statements": 24, "percent_covered": 79.16666666666667, "percent_covered_display": "79", "missing_lines": 5, "excluded_lines": 0, "percent_statements_covered": 79.16666666666667, "percent_statements_covered_display": "79"}, "missing_lines": [144, 145, 146, 147, 166], "excluded_lines": [], "start_line": 116}, "DataQualityValidator._publish_metrics": {"executed_lines": [], "summary": {"covered_lines": 0, "num_statements": 8, "percent_covered": 0.0, "percent_covered_display": "0", "missing_lines": 8, "excluded_lines": 0, "percent_statements_covered": 0.0, "percent_statements_covered_display": "0"}, "missing_lines": [171, 173, 174, 175, 189, 190, 191, 192], "excluded_lines": [], "start_line": 170}, "run_validation_from_s3": {"executed_lines": [], "summary": {"covered_lines": 0, "num_statements": 11, "percent_covered": 0.0, "percent_covered_display": "0", "missing_lines": 11, "excluded_lines": 0, "percent_statements_covered": 0.0, "percent_statements_covered_display": "0"}, "missing_lines": [197, 199, 201, 202, 203, 205, 206, 208, 209, 215, 216], "excluded_lines": [], "start_line": 195}, "": {"executed_lines": [11, 12, 13, 14, 16, 18, 19, 21, 29, 100, 101, 111, 112, 116, 170, 195, 219], "summary": {"covered_lines": 17, "num_statements": 35, "percent_covered": 48.57142857142857, "percent_covered_display": "49", "missing_lines": 18, "excluded_lines": 0, "percent_statements_covered": 48.57142857142857, "percent_statements_covered_display": "49"}, "missing_lines": [220, 222, 223, 224, 225, 226, 227, 229, 230, 232, 234, 235, 236, 238, 240, 241, 242, 243], "excluded_lines": [], "start_line": 1}}, "classes": {"DataQualityValidator": {"executed_lines": [107, 108, 109, 113, 114, 117, 122, 123, 125, 126, 127, 128, 129, 130, 131, 139, 140, 142, 143, 149, 155, 157, 165, 168], "summary": {"covered_lines": 24, "num_statements": 37, "percent_covered": 64.86486486486487, "percent_covered_display": "65", "missing_lines": 13, "excluded_lines": 0, "percent_statements_covered": 64.86486486486487, "percent_statements_covered_display": "65"}, "missing_lines": [144, 145, 146, 147, 166, 171, 173, 174, 175, 189, 190, 191, 192], "excluded_lines": [], "start_line": 100}, "": {"executed_lines": [11, 12, 13, 14, 16, 18, 19, 21, 29, 31, 32, 34, 39, 42, 43, 45, 46, 47, 49, 50, 52, 53, 55, 56, 57, 58, 59, 60, 61, 62, 64, 65, 66, 67, 68, 69, 70, 71, 72, 100, 101, 111, 112, 116, 170, 195, 219], "summary": {"covered_lines": 47, "num_statements": 98, "percent_covered": 47.95918367346939, "percent_covered_display": "48", "missing_lines": 51, "excluded_lines": 0, "percent_statements_covered": 47.95918367346939, "percent_statements_covered_display": "48"}, "missing_lines": [35, 36, 37, 40, 44, 51, 74, 75, 76, 77, 78, 79, 80, 82, 83, 84, 85, 86, 87, 88, 91, 92, 197, 199, 201, 202, 203, 205, 206, 208, 209, 215, 216, 220, 222, 223, 224, 225, 226, 227, 229, 230, 232, 234, 235, 236, 238, 240, 241, 242, 243], "excluded_lines": [], "start_line": 1}}}, "fraud_detection\\alert_manager.py": {"executed_lines": [], "summary": {"covered_lines": 0, "num_statements": 36, "percent_covered": 0.0, "percent_covered_display": "0", "missing_lines": 36, "excluded_lines": 2, "percent_statements_covered": 0.0, "percent_statements_covered_display": "0"}, "missing_lines": [5, 6, 7, 8, 10, 11, 16, 19, 20, 21, 22, 23, 24, 26, 27, 39, 40, 41, 47, 48, 49, 51, 52, 53, 55, 56, 57, 67, 68, 80, 81, 82, 84, 85, 86, 87], "excluded_lines": [13, 14], "functions": {"AlertManager.__init__": {"executed_lines": [], "summary": {"covered_lines": 0, "num_statements": 4, "percent_covered": 0.0, "percent_covered_display": "0", "missing_lines": 4, "excluded_lines": 0, "percent_statements_covered": 0.0, "percent_statements_covered_display": "0"}, "missing_lines": [21, 22, 23, 24], "excluded_lines": [], "start_line": 20}, "AlertManager.save_alert": {"executed_lines": [], "summary": {"covered_lines": 0, "num_statements": 7, "percent_covered": 0.0, "percent_covered_display": "0", "missing_lines": 7, "excluded_lines": 0, "percent_statements_covered": 0.0, "percent_statements_covered_display": "0"}, "missing_lines": [27, 39, 40, 41, 47, 48, 49], "excluded_lines": [], "start_line": 26}, "AlertManager.send_notification": {"executed_lines": [], "summary": {"covered_lines": 0, "num_statements": 10, "percent_covered": 0.0, "percent_covered_display": "0", "missing_lines": 10, "excluded_lines": 0, "percent_statements_covered": 0.0, "percent_statements_covered_display": "0"}, "missing_lines": [52, 53, 55, 56, 57, 67, 68, 80, 81, 82], "excluded_lines": [], "start_line": 51}, "AlertManager.process": {"executed_lines": [], "summary": {"covered_lines": 0, "num_statements": 3, "percent_covered": 0.0, "percent_covered_display": "0", "missing_lines": 3, "excluded_lines": 0, "percent_statements_covered": 0.0, "percent_statements_covered_display": "0"}, "missing_lines": [85, 86, 87], "excluded_lines": [], "start_line": 84}, "": {"executed_lines": [], "summary": {"covered_lines": 0, "num_statements": 12, "percent_covered": 0.0, "percent_covered_display": "0", "missing_lines": 12, "excluded_lines": 2, "percent_statements_covered": 0.0, "percent_statements_covered_display": "0"}, "missing_lines": [5, 6, 7, 8, 10, 11, 16, 19, 20, 26, 51, 84], "excluded_lines": [13, 14], "start_line": 1}}, "classes": {"AlertManager": {"executed_lines": [], "summary": {"covered_lines": 0, "num_statements": 24, "percent_covered": 0.0, "percent_covered_display": "0", "missing_lines": 24, "excluded_lines": 0, "percent_statements_covered": 0.0, "percent_statements_covered_display": "0"}, "missing_lines": [21, 22, 23, 24, 27, 39, 40, 41, 47, 48, 49, 52, 53, 55, 56, 57, 67, 68, 80, 81, 82, 85, 86, 87], "excluded_lines": [], "start_line": 19}, "": {"executed_lines": [], "summary": {"covered_lines": 0, "num_statements": 12, "percent_covered": 0.0, "percent_covered_display": "0", "missing_lines": 12, "excluded_lines": 2, "percent_statements_covered": 0.0, "percent_statements_covered_display": "0"}, "missing_lines": [5, 6, 7, 8, 10, 11, 16, 19, 20, 26, 51, 84], "excluded_lines": [13, 14], "start_line": 1}}}, "fraud_detection\\fraud_rules.py": {"executed_lines": [8, 9, 10, 12, 15, 16, 17, 18, 19, 20, 23, 24, 25, 26, 27, 28, 29, 31, 32, 49, 50, 51, 53, 54, 55, 56, 63, 64, 66, 67, 74, 75, 76, 77, 78, 79, 84, 91, 92, 93, 94, 101, 102, 103, 110, 111, 112, 119, 125, 134, 135, 136, 138, 139, 140, 141, 142, 144, 146], "summary": {"covered_lines": 59, "num_statements": 59, "percent_covered": 100.0, "percent_covered_display": "100", "missing_lines": 0, "excluded_lines": 0, "percent_statements_covered": 100.0, "percent_statements_covered_display": "100"}, "missing_lines": [], "excluded_lines": [], "functions": {"FraudEvaluation.to_dict": {"executed_lines": [32], "summary": {"covered_lines": 1, "num_statements": 1, "percent_covered": 100.0, "percent_covered_display": "100", "missing_lines": 0, "excluded_lines": 0, "percent_statements_covered": 100.0, "percent_statements_covered_display": "100"}, "missing_lines": [], "excluded_lines": [], "start_line": 31}, "FraudRuleEngine.__init__": {"executed_lines": [51], "summary": {"covered_lines": 1, "num_statements": 1, "percent_covered": 100.0, "percent_covered_display": "100", "missing_lines": 0, "excluded_lines": 0, "percent_statements_covered": 100.0, "percent_statements_covered_display": "100"}, "missing_lines": [], "excluded_lines": [], "start_line": 50}, "FraudRuleEngine._rule_high_amount": {"executed_lines": [54, 55, 56], "summary": {"covered_lines": 3, "num_statements": 3, "percent_covered": 100.0, "percent_covered_display": "100", "missing_lines": 0, "excluded_lines": 0, "percent_statements_covered": 100.0, "percent_statements_covered_display": "100"}, "missing_lines": [], "excluded_lines": [], "start_line": 53}, "FraudRuleEngine._rule_unusual_hour": {"executed_lines": [64, 66, 67], "summary": {"covered_lines": 3, "num_statements": 3, "percent_covered": 100.0, "percent_covered_display": "100", "missing_lines": 0, "excluded_lines": 0, "percent_statements_covered": 100.0, "percent_statements_covered_display": "100"}, "missing_lines": [], "excluded_lines": [], "start_line": 63}, "FraudRuleEngine._rule_international": {"executed_lines": [75, 76, 77, 78, 79, 84], "summary": {"covered_lines": 6, "num_statements": 6, "percent_covered": 100.0, "percent_covered_display": "100", "missing_lines": 0, "excluded_lines": 0, "percent_statements_covered": 100.0, "percent_statements_covered_display": "100"}, "missing_lines": [], "excluded_lines": [], "start_line": 74}, "FraudRuleEngine._rule_velocity": {"executed_lines": [92, 93, 94], "summary": {"covered_lines": 3, "num_statements": 3, "percent_covered": 100.0, "percent_covered_display": "100", "missing_lines": 0, "excluded_lines": 0, "percent_statements_covered": 100.0, "percent_statements_covered_display": "100"}, "missing_lines": [], "excluded_lines": [], "start_line": 91}, "FraudRuleEngine._rule_new_merchant": {"executed_lines": [102, 103], "summary": {"covered_lines": 2, "num_statements": 2, "percent_covered": 100.0, "percent_covered_display": "100", "missing_lines": 0, "excluded_lines": 0, "percent_statements_covered": 100.0, "percent_statements_covered_display": "100"}, "missing_lines": [], "excluded_lines": [], "start_line": 101}, "FraudRuleEngine._rule_card_not_present": {"executed_lines": [111, 112], "summary": {"covered_lines": 2, "num_statements": 2, "percent_covered": 100.0, "percent_covered_display": "100", "missing_lines": 0, "excluded_lines": 0, "percent_statements_covered": 100.0, "percent_statements_covered_display": "100"}, "missing_lines": [], "excluded_lines": [], "start_line": 110}, "FraudRuleEngine.evaluate": {"executed_lines": [125, 134, 135, 136, 138, 139, 140, 141, 142, 144, 146], "summary": {"covered_lines": 11, "num_statements": 11, "percent_covered": 100.0, "percent_covered_display": "100", "missing_lines": 0, "excluded_lines": 0, "percent_statements_covered": 100.0, "percent_statements_covered_display": "100"}, "missing_lines": [], "excluded_lines": [], "start_line": 119}, "": {"executed_lines": [8, 9, 10, 12, 15, 16, 17, 18, 19, 20, 23, 24, 25, 26, 27, 28, 29, 31, 49, 50, 53, 63, 74, 91, 101, 110, 119], "summary": {"covered_lines": 27, "num_statements": 27, "percent_covered": 100.0, "percent_covered_display": "100", "missing_lines": 0, "excluded_lines": 0, "percent_statements_covered": 100.0, "percent_statements_covered_display": "100"}, "missing_lines": [], "excluded_lines": [], "start_line": 1}}, "classes": {"FraudSignal": {"executed_lines": [], "summary": {"covered_lines": 0, "num_statements": 0, "percent_covered": 100.0, "percent_covered_display": "100", "missing_lines": 0, "excluded_lines": 0, "percent_statements_covered": 100.0, "percent_statements_covered_display": "100"}, "missing_lines": [], "excluded_lines": [], "start_line": 16}, "FraudEvaluation": {"executed_lines": [32], "summary": {"covered_lines": 1, "num_statements": 1, "percent_covered": 100.0, "percent_covered_display": "100", "missing_lines": 0, "excluded_lines": 0, "percent_statements_covered": 100.0, "percent_statements_covered_display": "100"}, "missing_lines": [], "excluded_lines": [], "start_line": 24}, "FraudRuleEngine": {"executed_lines": [51, 54, 55, 56, 64, 66, 67, 75, 76, 77, 78, 79, 84, 92, 93, 94, 102, 103, 111, 112, 125, 134, 135, 136, 138, 139, 140, 141, 142, 144, 146], "summary": {"covered_lines": 31, "num_statements": 31, "percent_covered": 100.0, "percent_covered_display": "100", "missing_lines": 0, "excluded_lines": 0, "percent_statements_covered": 100.0, "percent_statements_covered_display": "100"}, "missing_lines": [], "excluded_lines": [], "start_line": 49}, "": {"executed_lines": [8, 9, 10, 12, 15, 16, 17, 18, 19, 20, 23, 24, 25, 26, 27, 28, 29, 31, 49, 50, 53, 63, 74, 91, 101, 110, 119], "summary": {"covered_lines": 27, "num_statements": 27, "percent_covered": 100.0, "percent_covered_display": "100", "missing_lines": 0, "excluded_lines": 0, "percent_statements_covered": 100.0, "percent_statements_covered_display": "100"}, "missing_lines": [], "excluded_lines": [], "start_line": 1}}}, "fraud_detection\\kinesis_consumer.py": {"executed_lines": [], "summary": {"covered_lines": 0, "num_statements": 74, "percent_covered": 0.0, "percent_covered_display": "0", "missing_lines": 74, "excluded_lines": 0, "percent_statements_covered": 0.0, "percent_statements_covered_display": "0"}, "missing_lines": [8, 9, 10, 11, 13, 14, 15, 16, 18, 19, 21, 22, 24, 25, 26, 27, 29, 32, 34, 35, 36, 37, 38, 39, 40, 47, 50, 52, 53, 54, 55, 60, 61, 62, 63, 66, 68, 69, 70, 71, 72, 73, 76, 78, 79, 85, 86, 87, 88, 89, 90, 93, 94, 95, 97, 98, 100, 101, 102, 104, 110, 113, 114, 115, 116, 118, 119, 120, 121, 122, 123, 124, 125, 126], "excluded_lines": [], "functions": {"load_thresholds": {"executed_lines": [], "summary": {"covered_lines": 0, "num_statements": 8, "percent_covered": 0.0, "percent_covered_display": "0", "missing_lines": 8, "excluded_lines": 0, "percent_statements_covered": 0.0, "percent_statements_covered_display": "0"}, "missing_lines": [34, 35, 36, 37, 38, 39, 40, 47], "excluded_lines": [], "start_line": 32}, "get_velocity_count": {"executed_lines": [], "summary": {"covered_lines": 0, "num_statements": 8, "percent_covered": 0.0, "percent_covered_display": "0", "missing_lines": 8, "excluded_lines": 0, "percent_statements_covered": 0.0, "percent_statements_covered_display": "0"}, "missing_lines": [52, 53, 54, 55, 60, 61, 62, 63], "excluded_lines": [], "start_line": 50}, "check_new_merchant": {"executed_lines": [], "summary": {"covered_lines": 0, "num_statements": 6, "percent_covered": 0.0, "percent_covered_display": "0", "missing_lines": 6, "excluded_lines": 0, "percent_statements_covered": 0.0, "percent_statements_covered_display": "0"}, "missing_lines": [68, 69, 70, 71, 72, 73], "excluded_lines": [], "start_line": 66}, "record_transaction": {"executed_lines": [], "summary": {"covered_lines": 0, "num_statements": 8, "percent_covered": 0.0, "percent_covered_display": "0", "missing_lines": 8, "excluded_lines": 0, "percent_statements_covered": 0.0, "percent_statements_covered_display": "0"}, "missing_lines": [78, 79, 85, 86, 87, 88, 89, 90], "excluded_lines": [], "start_line": 76}, "process_transaction": {"executed_lines": [], "summary": {"covered_lines": 0, "num_statements": 9, "percent_covered": 0.0, "percent_covered_display": "0", "missing_lines": 9, "excluded_lines": 0, "percent_statements_covered": 0.0, "percent_statements_covered_display": "0"}, "missing_lines": [94, 95, 97, 98, 100, 101, 102, 104, 110], "excluded_lines": [], "start_line": 93}, "process_stream_batch": {"executed_lines": [], "summary": {"covered_lines": 0, "num_statements": 12, "percent_covered": 0.0, "percent_covered_display": "0", "missing_lines": 12, "excluded_lines": 0, "percent_statements_covered": 0.0, "percent_statements_covered_display": "0"}, "missing_lines": [114, 115, 116, 118, 119, 120, 121, 122, 123, 124, 125, 126], "excluded_lines": [], "start_line": 113}, "": {"executed_lines": [], "summary": {"covered_lines": 0, "num_statements": 23, "percent_covered": 0.0, "percent_covered_display": "0", "missing_lines": 23, "excluded_lines": 0, "percent_statements_covered": 0.0, "percent_statements_covered_display": "0"}, "missing_lines": [8, 9, 10, 11, 13, 14, 15, 16, 18, 19, 21, 22, 24, 25, 26, 27, 29, 32, 50, 66, 76, 93, 113], "excluded_lines": [], "start_line": 1}}, "classes": {"": {"executed_lines": [], "summary": {"covered_lines": 0, "num_statements": 74, "percent_covered": 0.0, "percent_covered_display": "0", "missing_lines": 74, "excluded_lines": 0, "percent_statements_covered": 0.0, "percent_statements_covered_display": "0"}, "missing_lines": [8, 9, 10, 11, 13, 14, 15, 16, 18, 19, 21, 22, 24, 25, 26, 27, 29, 32, 34, 35, 36, 37, 38, 39, 40, 47, 50, 52, 53, 54, 55, 60, 61, 62, 63, 66, 68, 69, 70, 71, 72, 73, 76, 78, 79, 85, 86, 87, 88, 89, 90, 93, 94, 95, 97, 98, 100, 101, 102, 104, 110, 113, 114, 115, 116, 118, 119, 120, 121, 122, 123, 124, 125, 126], "excluded_lines": [], "start_line": 1}}}, "fraud_detection\\lambda_handler.py": {"executed_lines": [], "summary": {"covered_lines": 0, "num_statements": 29, "percent_covered": 0.0, "percent_covered_display": "0", "missing_lines": 29, "excluded_lines": 0, "percent_statements_covered": 0.0, "percent_statements_covered_display": "0"}, "missing_lines": [9, 10, 11, 13, 15, 16, 19, 26, 27, 29, 30, 32, 33, 34, 35, 36, 37, 38, 39, 41, 42, 43, 44, 45, 51, 52, 53, 54, 56], "excluded_lines": [], "functions": {"handler": {"executed_lines": [], "summary": {"covered_lines": 0, "num_statements": 22, "percent_covered": 0.0, "percent_covered_display": "0", "missing_lines": 22, "excluded_lines": 0, "percent_statements_covered": 0.0, "percent_statements_covered_display": "0"}, "missing_lines": [26, 27, 29, 30, 32, 33, 34, 35, 36, 37, 38, 39, 41, 42, 43, 44, 45, 51, 52, 53, 54, 56], "excluded_lines": [], "start_line": 19}, "": {"executed_lines": [], "summary": {"covered_lines": 0, "num_statements": 7, "percent_covered": 0.0, "percent_covered_display": "0", "missing_lines": 7, "excluded_lines": 0, "percent_statements_covered": 0.0, "percent_statements_covered_display": "0"}, "missing_lines": [9, 10, 11, 13, 15, 16, 19], "excluded_lines": [], "start_line": 1}}, "classes": {"": {"executed_lines": [], "summary": {"covered_lines": 0, "num_statements": 29, "percent_covered": 0.0, "percent_covered_display": "0", "missing_lines": 29, "excluded_lines": 0, "percent_statements_covered": 0.0, "percent_statements_covered_display": "0"}, "missing_lines": [9, 10, 11, 13, 15, 16, 19, 26, 27, 29, 30, 32, 33, 34, 35, 36, 37, 38, 39, 41, 42, 43, 44, 45, 51, 52, 53, 54, 56], "excluded_lines": [], "start_line": 1}}}}, "totals": {"covered_lines": 130, "num_statements": 437, "percent_covered": 29.748283752860413, "percent_covered_display": "30", "missing_lines": 307, "excluded_lines": 2, "percent_statements_covered": 29.748283752860413, "percent_statements_covered_display": "30"}}